#
# A fatal error has been detected by the Java Runtime Environment:
#
#  EXCEPTION_ACCESS_VIOLATION (0xc0000005) at pc=0x000000005212acb0, pid=4892, tid=0x000000000000237c
#
# JRE version: OpenJDK Runtime Environment (8.0_202-b03) (build 1.8.0_202-release-1483-b03)
# Java VM: OpenJDK 64-Bit Server VM (25.202-b03 mixed mode windows-amd64 compressed oops)
# Problematic frame:
# V  [jvm.dll+0x1acb0]
#
# Failed to write core dump. Minidumps are not enabled by default on client versions of Windows
#
# If you would like to submit a bug report, please visit:
#   http://bugreport.java.com/bugreport/crash.jsp
#

---------------  T H R E A D  ---------------

Current thread (0x0000000016007800):  JavaThread "C1 CompilerThread2" daemon [_thread_in_native, id=9084, stack(0x0000000017860000,0x0000000017960000)]

siginfo: ExceptionCode=0xc0000005, reading address 0x0000000000000008

Registers:
RAX=0x0000000000000000, RBX=0x0000000000000000, RCX=0x0000000018d6d6b0, RDX=0x0000000000000000
RSP=0x000000001795eae8, RBP=0x0000000017981b20, RSI=0x000000001795ecd0, RDI=0x0000000017981b20
R8 =0x0000000000000008, R9 =0x000000001795eb00, R10=0x0000000000000190, R11=0x000000001795ea90
R12=0x0000000018d6d6b0, R13=0x0000000000000001, R14=0x0000000000000000, R15=0x0000000016008020
RIP=0x000000005212acb0, EFLAGS=0x0000000000010202

Top of Stack: (sp=0x000000001795eae8)
0x000000001795eae8:   0000000052516e9d 0000000017985ad0
0x000000001795eaf8:   0000000017981b20 0000000000355001
0x000000001795eb08:   000000001795ecd0 0000000017985ad0
0x000000001795eb18:   0000000052510af0 0000000016008020
0x000000001795eb28:   0000000000000000 0000000000000001
0x000000001795eb38:   000000000035101b 0000000017987a10
0x000000001795eb48:   00000000523af402 0000000017985ad0
0x000000001795eb58:   0000000017981b20 0000000000000001
0x000000001795eb68:   000000001795ecd0 0000000000000000
0x000000001795eb78:   000000000033d01b 0000000017981a00
0x000000001795eb88:   000000001795ecd0 0000000017987a10
0x000000001795eb98:   000000000034d000 ffffffffffffffff
0x000000001795eba8:   00000000179818c0 000000001795ecd0
0x000000001795ebb8:   000000000035101b 0000000016007f00
0x000000001795ebc8:   ffffffffffffffff 0000000016008020
0x000000001795ebd8:   0000000000000000 0000000017981b20 

Instructions: (pc=0x000000005212acb0)
0x000000005212ac90:   0f 95 c0 c3 8b ca ba 01 00 00 00 48 d3 e2 49 85
0x000000005212aca0:   50 48 0f 95 c0 c3 cc cc cc cc cc cc cc cc cc cc
0x000000005212acb0:   8b 42 08 2b 41 20 42 8d 84 00 00 01 00 00 c3 cc
0x000000005212acc0:   48 89 5c 24 08 57 48 83 ec 20 48 63 51 18 4c 8b 


Register to memory mapping:

RAX=0x0000000000000000 is an unknown value
RBX=0x0000000000000000 is an unknown value
RCX=0x0000000018d6d6b0 is an unknown value
RDX=0x0000000000000000 is an unknown value
RSP=0x000000001795eae8 is pointing into the stack for thread: 0x0000000016007800
RBP=0x0000000017981b20 is an unknown value
RSI=0x000000001795ecd0 is pointing into the stack for thread: 0x0000000016007800
RDI=0x0000000017981b20 is an unknown value
R8 =0x0000000000000008 is an unknown value
R9 =0x000000001795eb00 is pointing into the stack for thread: 0x0000000016007800
R10=0x0000000000000190 is an unknown value
R11=0x000000001795ea90 is pointing into the stack for thread: 0x0000000016007800
R12=0x0000000018d6d6b0 is an unknown value
R13=0x0000000000000001 is an unknown value
R14=0x0000000000000000 is an unknown value
R15=0x0000000016008020 is an unknown value


Stack: [0x0000000017860000,0x0000000017960000],  sp=0x000000001795eae8,  free space=1018k
Native frames: (J=compiled Java code, j=interpreted, Vv=VM code, C=native code)
V  [jvm.dll+0x1acb0]


Current CompileTask:
C1:1859332 6713       3       org.gradle.api.internal.artifacts.ivyservice.resolveengine.graph.builder.ResolveState::getNode (79 bytes)


---------------  P R O C E S S  ---------------

Java Threads: ( => current thread )
  0x000000001d30e800 JavaThread "Build operations Thread 4" [_thread_blocked, id=2692, stack(0x0000000021a60000,0x0000000021b60000)]
  0x000000001d310800 JavaThread "Build operations Thread 3" [_thread_blocked, id=8760, stack(0x0000000021560000,0x0000000021660000)]
  0x000000001d310000 JavaThread "Build operations Thread 2" [_thread_blocked, id=11504, stack(0x0000000021460000,0x0000000021560000)]
  0x000000001d30c000 JavaThread "Build operations" [_thread_blocked, id=5752, stack(0x0000000021360000,0x0000000021460000)]
  0x000000001d311800 JavaThread "Cache worker for cache directory md-rule (C:\Users\Node 34\.gradle\caches\5.4.1\md-rule)" [_thread_blocked, id=6628, stack(0x0000000021260000,0x0000000021360000)]
  0x000000001d30d800 JavaThread "Cache worker for cache directory md-supplier (C:\Users\Node 34\.gradle\caches\5.4.1\md-supplier)" [_thread_blocked, id=7304, stack(0x000000001fc90000,0x000000001fd90000)]
  0x000000001d303800 JavaThread "Cache worker for file hash cache (D:\BirdApp\.gradle\5.4.1\fileHashes)" [_thread_blocked, id=12632, stack(0x000000001fb90000,0x000000001fc90000)]
  0x000000001d30a800 JavaThread "Thread-32" [_thread_blocked, id=7320, stack(0x000000001e020000,0x000000001e120000)]
  0x000000001d303000 JavaThread "Stdin handler" [_thread_blocked, id=11940, stack(0x000000001b880000,0x000000001b980000)]
  0x000000001d309000 JavaThread "Asynchronous log dispatcher for DefaultDaemonConnection: socket connection from /127.0.0.1:50847 to /127.0.0.1:51158" [_thread_blocked, id=10156, stack(0x000000001b580000,0x000000001b680000)]
  0x000000001d308000 JavaThread "Daemon worker Thread 2" [_thread_in_native, id=12456, stack(0x000000001b480000,0x000000001b580000)]
  0x000000001d305000 JavaThread "Cancel handler" [_thread_blocked, id=2580, stack(0x000000001b180000,0x000000001b280000)]
  0x000000001d304800 JavaThread "Handler for socket connection from /127.0.0.1:50847 to /127.0.0.1:51158" [_thread_in_native, id=10716, stack(0x000000001b080000,0x000000001b180000)]
  0x000000001d307800 JavaThread "Daemon Thread 2" [_thread_blocked, id=1732, stack(0x0000000000840000,0x0000000000940000)]
  0x000000001d30b800 JavaThread "Memory manager" [_thread_blocked, id=4520, stack(0x0000000022660000,0x0000000022760000)]
  0x000000001d306800 JavaThread "Cache worker for execution history cache (C:\Users\Node 34\.gradle\caches\5.4.1\executionHistory)" [_thread_blocked, id=9752, stack(0x000000001ff90000,0x0000000020090000)]
  0x0000000018b31800 JavaThread "Cache worker for journal cache (C:\Users\Node 34\.gradle\caches\journal-1)" [_thread_blocked, id=8776, stack(0x000000001bb80000,0x000000001bc80000)]
  0x0000000018b34000 JavaThread "File lock request listener" [_thread_in_native, id=8304, stack(0x000000001ba80000,0x000000001bb80000)]
  0x0000000017b52800 JavaThread "Cache worker for file hash cache (C:\Users\Node 34\.gradle\caches\5.4.1\fileHashes)" [_thread_blocked, id=12260, stack(0x000000001b980000,0x000000001ba80000)]
  0x0000000019100000 JavaThread "Daemon periodic checks" [_thread_blocked, id=1280, stack(0x000000001af80000,0x000000001b080000)]
  0x0000000018cd3800 JavaThread "Incoming local TCP Connector on port 50847" [_thread_in_native, id=9904, stack(0x000000001ad40000,0x000000001ae40000)]
  0x000000001960b800 JavaThread "Daemon health stats" [_thread_blocked, id=12996, stack(0x000000001a700000,0x000000001a800000)]
  0x0000000017980800 JavaThread "Service Thread" daemon [_thread_blocked, id=5504, stack(0x0000000017d60000,0x0000000017e60000)]
=>0x0000000016007800 JavaThread "C1 CompilerThread2" daemon [_thread_in_native, id=9084, stack(0x0000000017860000,0x0000000017960000)]
  0x0000000016000800 JavaThread "C2 CompilerThread1" daemon [_thread_in_native, id=6164, stack(0x0000000017760000,0x0000000017860000)]
  0x0000000015ffc800 JavaThread "C2 CompilerThread0" daemon [_thread_blocked, id=7788, stack(0x0000000017660000,0x0000000017760000)]
  0x0000000015ffa800 JavaThread "Attach Listener" daemon [_thread_blocked, id=11028, stack(0x0000000017560000,0x0000000017660000)]
  0x0000000015ff9000 JavaThread "Signal Dispatcher" daemon [_thread_blocked, id=9584, stack(0x0000000017460000,0x0000000017560000)]
  0x000000000268c800 JavaThread "Finalizer" daemon [_thread_blocked, id=6140, stack(0x0000000017260000,0x0000000017360000)]
  0x0000000015fe9000 JavaThread "Reference Handler" daemon [_thread_blocked, id=300, stack(0x0000000017160000,0x0000000017260000)]
  0x000000000258d800 JavaThread "main" [_thread_blocked, id=11516, stack(0x0000000002410000,0x0000000002510000)]

Other Threads:
  0x0000000015fc6000 VMThread [stack: 0x0000000017060000,0x0000000017160000] [id=1496]
  0x000000001605b800 WatcherThread [stack: 0x0000000017e60000,0x0000000017f60000] [id=6952]

VM state:not at safepoint (normal execution)

VM Mutex/Monitor currently owned by a thread: None

heap address: 0x00000000a0000000, size: 1536 MB, Compressed Oops mode: 32-bit
Narrow klass base: 0x0000000000000000, Narrow klass shift: 3
Compressed class space size: 1073741824 Address: 0x0000000100000000

Heap:
 PSYoungGen      total 57856K, used 14494K [0x00000000e0000000, 0x00000000e5080000, 0x0000000100000000)
  eden space 52736K, 18% used [0x00000000e0000000,0x00000000e09606b8,0x00000000e3380000)
  from space 5120K, 95% used [0x00000000e4b80000,0x00000000e5047250,0x00000000e5080000)
  to   space 14848K, 0% used [0x00000000e3380000,0x00000000e3380000,0x00000000e4200000)
 ParOldGen       total 133632K, used 31882K [0x00000000a0000000, 0x00000000a8280000, 0x00000000e0000000)
  object space 133632K, 23% used [0x00000000a0000000,0x00000000a1f228c8,0x00000000a8280000)
 Metaspace       used 61080K, capacity 62776K, committed 63064K, reserved 1103872K
  class space    used 8078K, capacity 8470K, committed 8576K, reserved 1048576K

Card table byte_map: [0x0000000011a50000,0x0000000011d60000] byte_map_base: 0x0000000011550000

Marking Bits: (ParMarkBitMap*) 0x00000000528d9f30
 Begin Bits: [0x0000000012360000, 0x0000000013b60000)
 End Bits:   [0x0000000013b60000, 0x0000000015360000)

Polling page: 0x0000000000cf0000

CodeCache: size=245760Kb used=18343Kb max_used=18358Kb free=227416Kb
 bounds [0x0000000002690000, 0x00000000038a0000, 0x0000000011690000]
 total_blobs=6624 nmethods=5835 adapters=702
 compilation: enabled

Compilation events (10 events):
Event: 1859.127 Thread 0x0000000016007800 nmethod 6710 0x00000000038779d0 code [0x0000000003877c80, 0x0000000003879188]
Event: 1859.127 Thread 0x0000000016007800 6712       3       org.gradle.api.internal.artifacts.ivyservice.resolveengine.graph.builder.NodeState::getTransitiveIncomingEdges (67 bytes)
Event: 1859.127 Thread 0x0000000016007800 nmethod 6712 0x00000000038799d0 code [0x0000000003879c00, 0x000000000387a658]
Event: 1859.127 Thread 0x0000000016007800 6714       3       org.gradle.internal.component.model.AttributeConfigurationSelector::filterVariantsByRequestedCapabilities (149 bytes)
Event: 1859.128 Thread 0x0000000016007800 nmethod 6714 0x000000000387aa10 code [0x000000000387ace0, 0x000000000387c138]
Event: 1859.128 Thread 0x0000000016007800 6713       3       org.gradle.api.internal.artifacts.ivyservice.resolveengine.graph.builder.ResolveState::getNode (79 bytes)
Event: 1859.132 Thread 0x0000000016000800 6721       4       java.util.ArrayList::ensureExplicitCapacity (26 bytes)
Event: 1859.133 Thread 0x0000000015ffc800 6723       4       org.gradle.internal.serialize.kryo.StringDeduplicatingKryoBackedEncoder::writeNullableString (55 bytes)
Event: 1859.133 Thread 0x0000000016000800 nmethod 6721 0x000000000387fc10 code [0x000000000387fd60, 0x000000000387ffb8]
Event: 1859.133 Thread 0x0000000016000800 6724       4       org.gradle.internal.serialize.kryo.StringDeduplicatingKryoBackedEncoder$IndexedStringSet::register (53 bytes)

GC Heap History (10 events):
Event: 23.330 GC heap before
{Heap before GC invocations=19 (full 2):
 PSYoungGen      total 55296K, used 55284K [0x00000000e0000000, 0x00000000e4480000, 0x0000000100000000)
  eden space 45568K, 100% used [0x00000000e0000000,0x00000000e2c80000,0x00000000e2c80000)
  from space 9728K, 99% used [0x00000000e3780000,0x00000000e40fd278,0x00000000e4100000)
  to   space 11264K, 0% used [0x00000000e2c80000,0x00000000e2c80000,0x00000000e3780000)
 ParOldGen       total 90112K, used 17272K [0x00000000a0000000, 0x00000000a5800000, 0x00000000e0000000)
  object space 90112K, 19% used [0x00000000a0000000,0x00000000a10de0b0,0x00000000a5800000)
 Metaspace       used 51407K, capacity 52646K, committed 52952K, reserved 1095680K
  class space    used 6964K, capacity 7298K, committed 7424K, reserved 1048576K
Event: 23.338 GC heap after
Heap after GC invocations=19 (full 2):
 PSYoungGen      total 56832K, used 10003K [0x00000000e0000000, 0x00000000e4d00000, 0x0000000100000000)
  eden space 45568K, 0% used [0x00000000e0000000,0x00000000e0000000,0x00000000e2c80000)
  from space 11264K, 88% used [0x00000000e2c80000,0x00000000e3644cd8,0x00000000e3780000)
  to   space 12288K, 0% used [0x00000000e4100000,0x00000000e4100000,0x00000000e4d00000)
 ParOldGen       total 90112K, used 21032K [0x00000000a0000000, 0x00000000a5800000, 0x00000000e0000000)
  object space 90112K, 23% used [0x00000000a0000000,0x00000000a148a0c8,0x00000000a5800000)
 Metaspace       used 51407K, capacity 52646K, committed 52952K, reserved 1095680K
  class space    used 6964K, capacity 7298K, committed 7424K, reserved 1048576K
}
Event: 26.077 GC heap before
{Heap before GC invocations=20 (full 2):
 PSYoungGen      total 56832K, used 55571K [0x00000000e0000000, 0x00000000e4d00000, 0x0000000100000000)
  eden space 45568K, 100% used [0x00000000e0000000,0x00000000e2c80000,0x00000000e2c80000)
  from space 11264K, 88% used [0x00000000e2c80000,0x00000000e3644cd8,0x00000000e3780000)
  to   space 12288K, 0% used [0x00000000e4100000,0x00000000e4100000,0x00000000e4d00000)
 ParOldGen       total 90112K, used 21032K [0x00000000a0000000, 0x00000000a5800000, 0x00000000e0000000)
  object space 90112K, 23% used [0x00000000a0000000,0x00000000a148a0c8,0x00000000a5800000)
 Metaspace       used 55228K, capacity 56694K, committed 56792K, reserved 1097728K
  class space    used 7499K, capacity 7872K, committed 7936K, reserved 1048576K
Event: 26.088 GC heap after
Heap after GC invocations=20 (full 2):
 PSYoungGen      total 65536K, used 11096K [0x00000000e0000000, 0x00000000e4e80000, 0x0000000100000000)
  eden space 53248K, 0% used [0x00000000e0000000,0x00000000e0000000,0x00000000e3400000)
  from space 12288K, 90% used [0x00000000e4100000,0x00000000e4bd61d0,0x00000000e4d00000)
  to   space 13312K, 0% used [0x00000000e3400000,0x00000000e3400000,0x00000000e4100000)
 ParOldGen       total 90112K, used 21104K [0x00000000a0000000, 0x00000000a5800000, 0x00000000e0000000)
  object space 90112K, 23% used [0x00000000a0000000,0x00000000a149c0d8,0x00000000a5800000)
 Metaspace       used 55228K, capacity 56694K, committed 56792K, reserved 1097728K
  class space    used 7499K, capacity 7872K, committed 7936K, reserved 1048576K
}
Event: 28.760 GC heap before
{Heap before GC invocations=21 (full 2):
 PSYoungGen      total 65536K, used 50562K [0x00000000e0000000, 0x00000000e4e80000, 0x0000000100000000)
  eden space 53248K, 74% used [0x00000000e0000000,0x00000000e268a8c8,0x00000000e3400000)
  from space 12288K, 90% used [0x00000000e4100000,0x00000000e4bd61d0,0x00000000e4d00000)
  to   space 13312K, 0% used [0x00000000e3400000,0x00000000e3400000,0x00000000e4100000)
 ParOldGen       total 90112K, used 21104K [0x00000000a0000000, 0x00000000a5800000, 0x00000000e0000000)
  object space 90112K, 23% used [0x00000000a0000000,0x00000000a149c0d8,0x00000000a5800000)
 Metaspace       used 57208K, capacity 58828K, committed 58968K, reserved 1099776K
  class space    used 7793K, capacity 8203K, committed 8320K, reserved 1048576K
Event: 28.769 GC heap after
Heap after GC invocations=21 (full 2):
 PSYoungGen      total 66560K, used 12789K [0x00000000e0000000, 0x00000000e5a00000, 0x0000000100000000)
  eden space 53248K, 0% used [0x00000000e0000000,0x00000000e0000000,0x00000000e3400000)
  from space 13312K, 96% used [0x00000000e3400000,0x00000000e407d678,0x00000000e4100000)
  to   space 14848K, 0% used [0x00000000e4b80000,0x00000000e4b80000,0x00000000e5a00000)
 ParOldGen       total 90112K, used 21112K [0x00000000a0000000, 0x00000000a5800000, 0x00000000e0000000)
  object space 90112K, 23% used [0x00000000a0000000,0x00000000a149e0d8,0x00000000a5800000)
 Metaspace       used 57208K, capacity 58828K, committed 58968K, reserved 1099776K
  class space    used 7793K, capacity 8203K, committed 8320K, reserved 1048576K
}
Event: 28.769 GC heap before
{Heap before GC invocations=22 (full 3):
 PSYoungGen      total 66560K, used 12789K [0x00000000e0000000, 0x00000000e5a00000, 0x0000000100000000)
  eden space 53248K, 0% used [0x00000000e0000000,0x00000000e0000000,0x00000000e3400000)
  from space 13312K, 96% used [0x00000000e3400000,0x00000000e407d678,0x00000000e4100000)
  to   space 14848K, 0% used [0x00000000e4b80000,0x00000000e4b80000,0x00000000e5a00000)
 ParOldGen       total 90112K, used 21112K [0x00000000a0000000, 0x00000000a5800000, 0x00000000e0000000)
  object space 90112K, 23% used [0x00000000a0000000,0x00000000a149e0d8,0x00000000a5800000)
 Metaspace       used 57208K, capacity 58828K, committed 58968K, reserved 1099776K
  class space    used 7793K, capacity 8203K, committed 8320K, reserved 1048576K
Event: 28.947 GC heap after
Heap after GC invocations=22 (full 3):
 PSYoungGen      total 66560K, used 0K [0x00000000e0000000, 0x00000000e5a00000, 0x0000000100000000)
  eden space 53248K, 0% used [0x00000000e0000000,0x00000000e0000000,0x00000000e3400000)
  from space 13312K, 0% used [0x00000000e3400000,0x00000000e3400000,0x00000000e4100000)
  to   space 14848K, 0% used [0x00000000e4b80000,0x00000000e4b80000,0x00000000e5a00000)
 ParOldGen       total 133632K, used 31874K [0x00000000a0000000, 0x00000000a8280000, 0x00000000e0000000)
  object space 133632K, 23% used [0x00000000a0000000,0x00000000a1f208c8,0x00000000a8280000)
 Metaspace       used 57144K, capacity 58632K, committed 58968K, reserved 1099776K
  class space    used 7773K, capacity 8167K, committed 8320K, reserved 1048576K
}
Event: 1858.978 GC heap before
{Heap before GC invocations=23 (full 3):
 PSYoungGen      total 66560K, used 53248K [0x00000000e0000000, 0x00000000e5a00000, 0x0000000100000000)
  eden space 53248K, 100% used [0x00000000e0000000,0x00000000e3400000,0x00000000e3400000)
  from space 13312K, 0% used [0x00000000e3400000,0x00000000e3400000,0x00000000e4100000)
  to   space 14848K, 0% used [0x00000000e4b80000,0x00000000e4b80000,0x00000000e5a00000)
 ParOldGen       total 133632K, used 31874K [0x00000000a0000000, 0x00000000a8280000, 0x00000000e0000000)
  object space 133632K, 23% used [0x00000000a0000000,0x00000000a1f208c8,0x00000000a8280000)
 Metaspace       used 60948K, capacity 62544K, committed 62808K, reserved 1103872K
  class space    used 8067K, capacity 8458K, committed 8576K, reserved 1048576K
Event: 1858.985 GC heap after
Heap after GC invocations=23 (full 3):
 PSYoungGen      total 57856K, used 4892K [0x00000000e0000000, 0x00000000e5080000, 0x0000000100000000)
  eden space 52736K, 0% used [0x00000000e0000000,0x00000000e0000000,0x00000000e3380000)
  from space 5120K, 95% used [0x00000000e4b80000,0x00000000e5047250,0x00000000e5080000)
  to   space 14848K, 0% used [0x00000000e3380000,0x00000000e3380000,0x00000000e4200000)
 ParOldGen       total 133632K, used 31882K [0x00000000a0000000, 0x00000000a8280000, 0x00000000e0000000)
  object space 133632K, 23% used [0x00000000a0000000,0x00000000a1f228c8,0x00000000a8280000)
 Metaspace       used 60948K, capacity 62544K, committed 62808K, reserved 1103872K
  class space    used 8067K, capacity 8458K, committed 8576K, reserved 1048576K
}

Deoptimization events (10 events):
Event: 1858.832 Thread 0x000000001d308000 Uncommon trap: reason=bimorphic action=maybe_recompile pc=0x0000000002eee5a4 method=com.google.common.cache.LocalCache$Segment.getEntry(Ljava/lang/Object;I)Lcom/google/common/cache/ReferenceEntry; @ 24
Event: 1858.833 Thread 0x000000001d308000 Uncommon trap: reason=bimorphic action=maybe_recompile pc=0x0000000002eee5a4 method=com.google.common.cache.LocalCache$Segment.getEntry(Ljava/lang/Object;I)Lcom/google/common/cache/ReferenceEntry; @ 24
Event: 1858.834 Thread 0x000000001d308000 Uncommon trap: reason=bimorphic action=maybe_recompile pc=0x0000000002eee5a4 method=com.google.common.cache.LocalCache$Segment.getEntry(Ljava/lang/Object;I)Lcom/google/common/cache/ReferenceEntry; @ 24
Event: 1858.986 Thread 0x0000000015fe9000 Uncommon trap: reason=unstable_if action=reinterpret pc=0x00000000032554f8 method=java.lang.ref.Reference.tryHandlePending(Z)Z @ 20
Event: 1859.155 Thread 0x000000001d308000 Uncommon trap: reason=null_check action=make_not_entrant pc=0x000000000286ed70 method=sun.nio.fs.NativeBuffers.getNativeBufferFromCache(I)Lsun/nio/fs/NativeBuffer; @ 6
Event: 1859.155 Thread 0x000000001d308000 Uncommon trap: reason=null_check action=make_not_entrant pc=0x0000000002bba9dc method=sun.nio.fs.NativeBuffers.releaseNativeBuffer(Lsun/nio/fs/NativeBuffer;)V @ 6
Event: 1859.163 Thread 0x000000001d308000 Uncommon trap: reason=class_check action=maybe_recompile pc=0x0000000002eee598 method=com.google.common.base.Equivalence$Equals.doEquivalent(Ljava/lang/Object;Ljava/lang/Object;)Z @ 2
Event: 1859.163 Thread 0x000000001d308000 Uncommon trap: reason=class_check action=maybe_recompile pc=0x0000000002eee598 method=com.google.common.base.Equivalence$Equals.doEquivalent(Ljava/lang/Object;Ljava/lang/Object;)Z @ 2
Event: 1859.163 Thread 0x000000001d308000 Uncommon trap: reason=class_check action=maybe_recompile pc=0x0000000002eee598 method=com.google.common.base.Equivalence$Equals.doEquivalent(Ljava/lang/Object;Ljava/lang/Object;)Z @ 2
Event: 1859.163 Thread 0x000000001d308000 Uncommon trap: reason=class_check action=maybe_recompile pc=0x0000000002eee598 method=com.google.common.base.Equivalence$Equals.doEquivalent(Ljava/lang/Object;Ljava/lang/Object;)Z @ 2

Classes redefined (0 events):
No events

Internal exceptions (10 events):
Event: 28.956 Thread 0x000000001933a800 Exception <a 'java/lang/NoSuchMethodError': <clinit>> (0x00000000e01a49e0) thrown at [D:\src\AOSP-openjdk-cygwin\jdk8u\hotspot\src\share\vm\prims\jni.cpp, line 1614]
Event: 29.476 Thread 0x000000001933a800 Exception <a 'java/lang/NoSuchMethodError': <clinit>> (0x00000000e0f0f8d8) thrown at [D:\src\AOSP-openjdk-cygwin\jdk8u\hotspot\src\share\vm\prims\jni.cpp, line 1614]
Event: 30.075 Thread 0x000000001819b000 Exception <a 'sun/nio/fs/WindowsException'> (0x00000000e127d958) thrown at [D:\src\AOSP-openjdk-cygwin\jdk8u\hotspot\src\share\vm\prims\jni.cpp, line 710]
Event: 1858.769 Thread 0x000000001d308000 Exception <a 'java/lang/ClassNotFoundException': settings_7ys9bbzvyxn0swe1gzhul8bojBeanInfo> (0x00000000e32ce828) thrown at [D:\src\AOSP-openjdk-cygwin\jdk8u\hotspot\src\share\vm\classfile\systemDictionary.cpp, line 210]
Event: 1858.769 Thread 0x000000001d308000 Exception <a 'java/lang/ClassNotFoundException': settings_7ys9bbzvyxn0swe1gzhul8bojCustomizer> (0x00000000e32da658) thrown at [D:\src\AOSP-openjdk-cygwin\jdk8u\hotspot\src\share\vm\classfile\systemDictionary.cpp, line 210]
Event: 1858.772 Thread 0x000000001d308000 Implicit null exception at 0x00000000035382af to 0x000000000353834d
Event: 1858.772 Thread 0x000000001d308000 Implicit null exception at 0x00000000027e432f to 0x00000000027e43cd
Event: 1858.937 Thread 0x000000001d308000 Exception <a 'java/lang/ClassNotFoundException': build_32zcz1i27z100lzc8xfjanl9oBeanInfo> (0x00000000e33d6be8) thrown at [D:\src\AOSP-openjdk-cygwin\jdk8u\hotspot\src\share\vm\classfile\systemDictionary.cpp, line 210]
Event: 1858.937 Thread 0x000000001d308000 Exception <a 'java/lang/ClassNotFoundException': build_32zcz1i27z100lzc8xfjanl9oCustomizer> (0x00000000e33e2898) thrown at [D:\src\AOSP-openjdk-cygwin\jdk8u\hotspot\src\share\vm\classfile\systemDictionary.cpp, line 210]
Event: 1859.155 Thread 0x000000001d308000 Implicit null exception at 0x0000000002bba6fb to 0x0000000002bba9cc

Events (10 events):
Event: 1859.163 Thread 0x000000001d308000 DEOPT PACKING pc=0x0000000002eee598 sp=0x000000001b57a9c0
Event: 1859.163 Thread 0x000000001d308000 DEOPT UNPACKING pc=0x00000000026d557b sp=0x000000001b57a888 mode 2
Event: 1859.163 Thread 0x000000001d308000 Uncommon trap: trap_request=0xffffffde fr.pc=0x0000000002eee598
Event: 1859.163 Thread 0x000000001d308000 DEOPT PACKING pc=0x0000000002eee598 sp=0x000000001b57a9c0
Event: 1859.163 Thread 0x000000001d308000 DEOPT UNPACKING pc=0x00000000026d557b sp=0x000000001b57a888 mode 2
Event: 1859.163 Thread 0x000000001d308000 Uncommon trap: trap_request=0xffffffde fr.pc=0x0000000002eee598
Event: 1859.163 Thread 0x000000001d308000 DEOPT PACKING pc=0x0000000002eee598 sp=0x000000001b57a9c0
Event: 1859.163 Thread 0x000000001d308000 DEOPT UNPACKING pc=0x00000000026d557b sp=0x000000001b57a888 mode 2
Event: 1859.166 Thread 0x000000001d308000 DEOPT PACKING pc=0x00000000028f0a28 sp=0x000000001b57a910
Event: 1859.166 Thread 0x000000001d308000 DEOPT UNPACKING pc=0x00000000026d75d0 sp=0x000000001b57a760 mode 0


Dynamic libraries:
0x00007ff69a370000 - 0x00007ff69a3a1000 	C:\Program Files\Android\Android Studio\jre\bin\java.exe
0x00007ffa0c440000 - 0x00007ffa0c630000 	C:\WINDOWS\SYSTEM32\ntdll.dll
0x00007ffa0bdf0000 - 0x00007ffa0bea2000 	C:\WINDOWS\System32\KERNEL32.DLL
0x00007ffa0a060000 - 0x00007ffa0a303000 	C:\WINDOWS\System32\KERNELBASE.dll
0x00007ffa0a5a0000 - 0x00007ffa0a643000 	C:\WINDOWS\System32\ADVAPI32.dll
0x00007ffa0b2a0000 - 0x00007ffa0b33e000 	C:\WINDOWS\System32\msvcrt.dll
0x00007ffa0bc80000 - 0x00007ffa0bd17000 	C:\WINDOWS\System32\sechost.dll
0x00007ffa0ad10000 - 0x00007ffa0ae30000 	C:\WINDOWS\System32\RPCRT4.dll
0x00007ffa0c0b0000 - 0x00007ffa0c244000 	C:\WINDOWS\System32\USER32.dll
0x00007ffa09640000 - 0x00007ffa09661000 	C:\WINDOWS\System32\win32u.dll
0x00007ffa0bee0000 - 0x00007ffa0bf06000 	C:\WINDOWS\System32\GDI32.dll
0x00007ffa09470000 - 0x00007ffa09604000 	C:\WINDOWS\System32\gdi32full.dll
0x00007ffa093d0000 - 0x00007ffa0946e000 	C:\WINDOWS\System32\msvcp_win.dll
0x00007ffa09f60000 - 0x00007ffa0a05a000 	C:\WINDOWS\System32\ucrtbase.dll
0x00007ff9fc3d0000 - 0x00007ff9fc655000 	C:\WINDOWS\WinSxS\amd64_microsoft.windows.common-controls_6595b64144ccf1df_6.0.18362.592_none_e6c0b1911312be02\COMCTL32.dll
0x00007ffa0a9d0000 - 0x00007ffa0ad06000 	C:\WINDOWS\System32\combase.dll
0x00007ffa0a360000 - 0x00007ffa0a3e0000 	C:\WINDOWS\System32\bcryptPrimitives.dll
0x00007ffa0beb0000 - 0x00007ffa0bede000 	C:\WINDOWS\System32\IMM32.DLL
0x0000000051f50000 - 0x0000000052022000 	C:\Program Files\Android\Android Studio\jre\jre\bin\msvcr100.dll
0x0000000052110000 - 0x0000000052956000 	C:\Program Files\Android\Android Studio\jre\jre\bin\server\jvm.dll
0x00007ffa0a9c0000 - 0x00007ffa0a9c8000 	C:\WINDOWS\System32\PSAPI.DLL
0x00007ff9f9960000 - 0x00007ff9f9969000 	C:\WINDOWS\SYSTEM32\WSOCK32.dll
0x00007ffa05ad0000 - 0x00007ffa05ada000 	C:\WINDOWS\SYSTEM32\VERSION.dll
0x00007ff9fbf30000 - 0x00007ff9fbf54000 	C:\WINDOWS\SYSTEM32\WINMM.dll
0x00007ffa0bf80000 - 0x00007ffa0bfef000 	C:\WINDOWS\System32\WS2_32.dll
0x00007ffa014f0000 - 0x00007ffa0151d000 	C:\WINDOWS\SYSTEM32\winmmbase.dll
0x00007ffa0a310000 - 0x00007ffa0a35a000 	C:\WINDOWS\System32\cfgmgr32.dll
0x00007ff9f8f20000 - 0x00007ff9f8f2f000 	C:\Program Files\Android\Android Studio\jre\jre\bin\verify.dll
0x00007ff9f5110000 - 0x00007ff9f5139000 	C:\Program Files\Android\Android Studio\jre\jre\bin\java.dll
0x00007ff9f50f0000 - 0x00007ff9f5106000 	C:\Program Files\Android\Android Studio\jre\jre\bin\zip.dll
0x00007ffa0b3b0000 - 0x00007ffa0ba95000 	C:\WINDOWS\System32\SHELL32.dll
0x00007ffa0a7d0000 - 0x00007ffa0a879000 	C:\WINDOWS\System32\shcore.dll
0x00007ffa09670000 - 0x00007ffa09def000 	C:\WINDOWS\System32\windows.storage.dll
0x00007ffa09360000 - 0x00007ffa0937f000 	C:\WINDOWS\System32\profapi.dll
0x00007ffa09380000 - 0x00007ffa093ca000 	C:\WINDOWS\System32\powrprof.dll
0x00007ffa09310000 - 0x00007ffa09320000 	C:\WINDOWS\System32\UMPDC.dll
0x00007ffa0c050000 - 0x00007ffa0c0a2000 	C:\WINDOWS\System32\shlwapi.dll
0x00007ffa09320000 - 0x00007ffa09331000 	C:\WINDOWS\System32\kernel.appcore.dll
0x00007ffa09f40000 - 0x00007ffa09f57000 	C:\WINDOWS\System32\cryptsp.dll
0x00007ff9f5010000 - 0x00007ff9f502a000 	C:\Program Files\Android\Android Studio\jre\jre\bin\net.dll
0x00007ffa08b20000 - 0x00007ffa08b87000 	C:\WINDOWS\system32\mswsock.dll
0x00007ff9f4ff0000 - 0x00007ff9f5001000 	C:\Program Files\Android\Android Studio\jre\jre\bin\nio.dll
0x00007ff9f5090000 - 0x00007ff9f50b6000 	C:\Users\Node 34\.gradle\native\29\windows-amd64\native-platform.dll
0x00007ffa072d0000 - 0x00007ffa072dd000 	C:\Program Files\Android\Android Studio\jre\jre\bin\management.dll
0x00007ffa08690000 - 0x00007ffa086c3000 	C:\WINDOWS\system32\rsaenh.dll
0x00007ffa09610000 - 0x00007ffa09636000 	C:\WINDOWS\System32\bcrypt.dll
0x00007ffa09200000 - 0x00007ffa09225000 	C:\WINDOWS\SYSTEM32\USERENV.dll
0x00007ffa08cf0000 - 0x00007ffa08cfc000 	C:\WINDOWS\SYSTEM32\CRYPTBASE.dll
0x00007ffa08830000 - 0x00007ffa0886a000 	C:\WINDOWS\SYSTEM32\IPHLPAPI.DLL
0x00007ffa0a6f0000 - 0x00007ffa0a6f8000 	C:\WINDOWS\System32\NSI.dll
0x00007ffa059e0000 - 0x00007ffa059f6000 	C:\WINDOWS\SYSTEM32\dhcpcsvc6.DLL
0x00007ffa05880000 - 0x00007ffa0589c000 	C:\WINDOWS\SYSTEM32\dhcpcsvc.DLL
0x00007ffa08870000 - 0x00007ffa0893a000 	C:\WINDOWS\SYSTEM32\DNSAPI.dll
0x00007ffa03210000 - 0x00007ffa03404000 	C:\WINDOWS\SYSTEM32\dbghelp.dll

VM Arguments:
jvm_args: -Xmx1536m -Dfile.encoding=windows-1252 -Duser.country=IN -Duser.language=en -Duser.variant 
java_command: org.gradle.launcher.daemon.bootstrap.GradleDaemon 5.4.1
java_class_path (initial): C:\Users\Node 34\.gradle\wrapper\dists\gradle-5.4.1-all\3221gyojl5jsh0helicew7rwx\gradle-5.4.1\lib\gradle-launcher-5.4.1.jar
Launcher Type: SUN_STANDARD

Environment Variables:
PATH=C:\WINDOWS\system32;C:\WINDOWS;C:\WINDOWS\System32\Wbem;C:\WINDOWS\System32\WindowsPowerShell\v1.0\;C:\WINDOWS\System32\OpenSSH\;C:\Users\Node 34\AppData\Local\Microsoft\WindowsApps;
USERNAME=Node 34
OS=Windows_NT
PROCESSOR_IDENTIFIER=Intel64 Family 6 Model 158 Stepping 9, GenuineIntel



---------------  S Y S T E M  ---------------

OS: Windows 10.0 , 64 bit Build 18362 (10.0.18362.329)

CPU:total 4 (initial active 4) (4 cores per cpu, 1 threads per core) family 6 model 158 stepping 9, cmov, cx8, fxsr, mmx, sse, sse2, sse3, ssse3, sse4.1, sse4.2, popcnt, avx, avx2, aes, clmul, erms, 3dnowpref, lzcnt, tsc, tscinvbit, bmi1, bmi2, adx

Memory: 4k page, physical 8272600k(4914064k free), swap 14995092k(11184936k free)

vm_info: OpenJDK 64-Bit Server VM (25.202-b03) for windows-amd64 JRE (1.8.0_202-release-1483-b03), built by "builder" with MS VC++ 10.0 (VS2010)

time: Thu Jan 23 10:10:43 2020
timezone: India Standard Time
elapsed time: 1859 seconds (0d 0h 30m 59s)

